{"C:\\Users\\Lenovo L470\\Desktop\\ALU project\\Multilingual-File-Manager-Application-3\\config\\db.js": {"path":"C:\\Users\\Lenovo L470\\Desktop\\ALU project\\Multilingual-File-Manager-Application-3\\config\\db.js","statementMap":{"0":{"start":{"line":1,"column":17},"end":{"line":1,"column":36}},"1":{"start":{"line":3,"column":18},"end":{"line":14,"column":1}},"2":{"start":{"line":4,"column":4},"end":{"line":13,"column":5}},"3":{"start":{"line":5,"column":8},"end":{"line":8,"column":11}},"4":{"start":{"line":9,"column":8},"end":{"line":9,"column":54}},"5":{"start":{"line":11,"column":8},"end":{"line":11,"column":67}},"6":{"start":{"line":12,"column":8},"end":{"line":12,"column":24}},"7":{"start":{"line":16,"column":0},"end":{"line":16,"column":27}}},"fnMap":{"0":{"name":"(anonymous_0)","decl":{"start":{"line":3,"column":18},"end":{"line":3,"column":19}},"loc":{"start":{"line":3,"column":30},"end":{"line":14,"column":1}},"line":3}},"branchMap":{},"s":{"0":1,"1":1,"2":1,"3":1,"4":0,"5":0,"6":0,"7":1},"f":{"0":1},"b":{},"_coverageSchema":"1a1c01bbd47fc00a2c39e90264f33305004495a9","hash":"503d711c755fdea4a87ee25eb81f0c1c922bbd3d"}
,"C:\\Users\\Lenovo L470\\Desktop\\ALU project\\Multilingual-File-Manager-Application-3\\src\\app.js": {"path":"C:\\Users\\Lenovo L470\\Desktop\\ALU project\\Multilingual-File-Manager-Application-3\\src\\app.js","statementMap":{"0":{"start":{"line":1,"column":16},"end":{"line":1,"column":34}},"1":{"start":{"line":2,"column":15},"end":{"line":2,"column":32}},"2":{"start":{"line":3,"column":13},"end":{"line":3,"column":28}},"3":{"start":{"line":4,"column":11},"end":{"line":4,"column":24}},"4":{"start":{"line":5,"column":18},"end":{"line":5,"column":41}},"5":{"start":{"line":6,"column":16},"end":{"line":6,"column":34}},"6":{"start":{"line":7,"column":26},"end":{"line":7,"column":60}},"7":{"start":{"line":8,"column":25},"end":{"line":8,"column":54}},"8":{"start":{"line":9,"column":13},"end":{"line":9,"column":28}},"9":{"start":{"line":10,"column":15},"end":{"line":10,"column":32}},"10":{"start":{"line":11,"column":18},"end":{"line":11,"column":47}},"11":{"start":{"line":12,"column":24},"end":{"line":12,"column":50}},"12":{"start":{"line":13,"column":19},"end":{"line":13,"column":49}},"13":{"start":{"line":14,"column":19},"end":{"line":14,"column":49}},"14":{"start":{"line":17,"column":0},"end":{"line":17,"column":16}},"15":{"start":{"line":20,"column":0},"end":{"line":20,"column":12}},"16":{"start":{"line":23,"column":12},"end":{"line":23,"column":21}},"17":{"start":{"line":26,"column":0},"end":{"line":26,"column":18}},"18":{"start":{"line":29,"column":20},"end":{"line":33,"column":1}},"19":{"start":{"line":34,"column":0},"end":{"line":34,"column":27}},"20":{"start":{"line":37,"column":0},"end":{"line":40,"column":3}},"21":{"start":{"line":38,"column":4},"end":{"line":38,"column":74}},"22":{"start":{"line":39,"column":4},"end":{"line":39,"column":11}},"23":{"start":{"line":43,"column":0},"end":{"line":43,"column":24}},"24":{"start":{"line":44,"column":0},"end":{"line":44,"column":48}},"25":{"start":{"line":47,"column":0},"end":{"line":58,"column":7}},"26":{"start":{"line":60,"column":0},"end":{"line":60,"column":43}},"27":{"start":{"line":63,"column":0},"end":{"line":63,"column":72}},"28":{"start":{"line":66,"column":20},"end":{"line":66,"column":54}},"29":{"start":{"line":67,"column":0},"end":{"line":72,"column":1}},"30":{"start":{"line":68,"column":4},"end":{"line":68,"column":51}},"31":{"start":{"line":69,"column":4},"end":{"line":69,"column":53}},"32":{"start":{"line":71,"column":4},"end":{"line":71,"column":54}},"33":{"start":{"line":73,"column":0},"end":{"line":73,"column":49}},"34":{"start":{"line":76,"column":0},"end":{"line":76,"column":59}},"35":{"start":{"line":79,"column":0},"end":{"line":79,"column":33}},"36":{"start":{"line":80,"column":0},"end":{"line":80,"column":34}},"37":{"start":{"line":83,"column":0},"end":{"line":83,"column":72}},"38":{"start":{"line":86,"column":0},"end":{"line":89,"column":3}},"39":{"start":{"line":87,"column":28},"end":{"line":87,"column":80}},"40":{"start":{"line":88,"column":4},"end":{"line":88,"column":46}},"41":{"start":{"line":92,"column":0},"end":{"line":100,"column":3}},"42":{"start":{"line":93,"column":25},"end":{"line":93,"column":33}},"43":{"start":{"line":94,"column":31},"end":{"line":94,"column":128}},"44":{"start":{"line":95,"column":4},"end":{"line":97,"column":5}},"45":{"start":{"line":96,"column":8},"end":{"line":96,"column":73}},"46":{"start":{"line":98,"column":4},"end":{"line":98,"column":36}},"47":{"start":{"line":99,"column":4},"end":{"line":99,"column":81}},"48":{"start":{"line":103,"column":0},"end":{"line":106,"column":3}},"49":{"start":{"line":104,"column":4},"end":{"line":104,"column":69}},"50":{"start":{"line":105,"column":4},"end":{"line":105,"column":57}},"51":{"start":{"line":109,"column":0},"end":{"line":112,"column":3}},"52":{"start":{"line":110,"column":4},"end":{"line":110,"column":63}},"53":{"start":{"line":111,"column":4},"end":{"line":111,"column":83}},"54":{"start":{"line":115,"column":13},"end":{"line":115,"column":37}},"55":{"start":{"line":116,"column":0},"end":{"line":120,"column":3}},"56":{"start":{"line":117,"column":4},"end":{"line":117,"column":50}},"57":{"start":{"line":118,"column":4},"end":{"line":118,"column":88}},"58":{"start":{"line":119,"column":4},"end":{"line":119,"column":73}}},"fnMap":{"0":{"name":"(anonymous_0)","decl":{"start":{"line":37,"column":8},"end":{"line":37,"column":9}},"loc":{"start":{"line":37,"column":28},"end":{"line":40,"column":1}},"line":37},"1":{"name":"(anonymous_1)","decl":{"start":{"line":86,"column":30},"end":{"line":86,"column":31}},"loc":{"start":{"line":86,"column":44},"end":{"line":89,"column":1}},"line":86},"2":{"name":"(anonymous_2)","decl":{"start":{"line":92,"column":31},"end":{"line":92,"column":32}},"loc":{"start":{"line":92,"column":45},"end":{"line":100,"column":1}},"line":92},"3":{"name":"(anonymous_3)","decl":{"start":{"line":103,"column":8},"end":{"line":103,"column":9}},"loc":{"start":{"line":103,"column":22},"end":{"line":106,"column":1}},"line":103},"4":{"name":"(anonymous_4)","decl":{"start":{"line":109,"column":8},"end":{"line":109,"column":9}},"loc":{"start":{"line":109,"column":33},"end":{"line":112,"column":1}},"line":109},"5":{"name":"(anonymous_5)","decl":{"start":{"line":116,"column":17},"end":{"line":116,"column":18}},"loc":{"start":{"line":116,"column":23},"end":{"line":120,"column":1}},"line":116}},"branchMap":{"0":{"loc":{"start":{"line":51,"column":29},"end":{"line":51,"column":103}},"type":"binary-expr","locations":[{"start":{"line":51,"column":29},"end":{"line":51,"column":63}},{"start":{"line":51,"column":67},"end":{"line":51,"column":103}}],"line":51},"1":{"loc":{"start":{"line":52,"column":21},"end":{"line":52,"column":57}},"type":"binary-expr","locations":[{"start":{"line":52,"column":21},"end":{"line":52,"column":49}},{"start":{"line":52,"column":53},"end":{"line":52,"column":57}}],"line":52},"2":{"loc":{"start":{"line":53,"column":17},"end":{"line":53,"column":114}},"type":"cond-expr","locations":[{"start":{"line":53,"column":51},"end":{"line":53,"column":93}},{"start":{"line":53,"column":96},"end":{"line":53,"column":114}}],"line":53},"3":{"loc":{"start":{"line":67,"column":0},"end":{"line":72,"column":1}},"type":"if","locations":[{"start":{"line":67,"column":0},"end":{"line":72,"column":1}},{"start":{"line":70,"column":7},"end":{"line":72,"column":1}}],"line":67},"4":{"loc":{"start":{"line":87,"column":28},"end":{"line":87,"column":80}},"type":"binary-expr","locations":[{"start":{"line":87,"column":28},"end":{"line":87,"column":40}},{"start":{"line":87,"column":44},"end":{"line":87,"column":72}},{"start":{"line":87,"column":76},"end":{"line":87,"column":80}}],"line":87},"5":{"loc":{"start":{"line":94,"column":31},"end":{"line":94,"column":128}},"type":"cond-expr","locations":[{"start":{"line":94,"column":65},"end":{"line":94,"column":107}},{"start":{"line":94,"column":110},"end":{"line":94,"column":128}}],"line":94},"6":{"loc":{"start":{"line":95,"column":4},"end":{"line":97,"column":5}},"type":"if","locations":[{"start":{"line":95,"column":4},"end":{"line":97,"column":5}},{"start":{},"end":{}}],"line":95},"7":{"loc":{"start":{"line":115,"column":13},"end":{"line":115,"column":37}},"type":"binary-expr","locations":[{"start":{"line":115,"column":13},"end":{"line":115,"column":29}},{"start":{"line":115,"column":33},"end":{"line":115,"column":37}}],"line":115}},"s":{"0":1,"1":1,"2":1,"3":1,"4":1,"5":1,"6":1,"7":1,"8":1,"9":1,"10":1,"11":1,"12":1,"13":1,"14":1,"15":1,"16":1,"17":1,"18":1,"19":1,"20":1,"21":0,"22":0,"23":1,"24":1,"25":1,"26":1,"27":1,"28":1,"29":1,"30":0,"31":0,"32":1,"33":1,"34":1,"35":1,"36":1,"37":1,"38":1,"39":0,"40":0,"41":1,"42":0,"43":0,"44":0,"45":0,"46":0,"47":0,"48":1,"49":0,"50":0,"51":1,"52":0,"53":0,"54":1,"55":1,"56":0,"57":0,"58":0},"f":{"0":0,"1":0,"2":0,"3":0,"4":0,"5":0},"b":{"0":[1,0],"1":[1,0],"2":[1,0],"3":[0,1],"4":[0,0,0],"5":[0,0],"6":[0,0],"7":[1,0]},"_coverageSchema":"1a1c01bbd47fc00a2c39e90264f33305004495a9","hash":"962cd234d1ead692056d87dd5759141216329822"}
,"C:\\Users\\Lenovo L470\\Desktop\\ALU project\\Multilingual-File-Manager-Application-3\\src\\controllers\\authController.js": {"path":"C:\\Users\\Lenovo L470\\Desktop\\ALU project\\Multilingual-File-Manager-Application-3\\src\\controllers\\authController.js","statementMap":{"0":{"start":{"line":1,"column":13},"end":{"line":1,"column":38}},"1":{"start":{"line":4,"column":21},"end":{"line":30,"column":1}},"2":{"start":{"line":5,"column":42},"end":{"line":5,"column":50}},"3":{"start":{"line":7,"column":4},"end":{"line":29,"column":5}},"4":{"start":{"line":9,"column":8},"end":{"line":11,"column":9}},"5":{"start":{"line":10,"column":12},"end":{"line":10,"column":80}},"6":{"start":{"line":14,"column":29},"end":{"line":16,"column":10}},"7":{"start":{"line":18,"column":8},"end":{"line":20,"column":9}},"8":{"start":{"line":19,"column":12},"end":{"line":19,"column":89}},"9":{"start":{"line":23,"column":24},"end":{"line":23,"column":63}},"10":{"start":{"line":24,"column":8},"end":{"line":24,"column":29}},"11":{"start":{"line":26,"column":8},"end":{"line":26,"column":151}},"12":{"start":{"line":28,"column":8},"end":{"line":28,"column":90}},"13":{"start":{"line":33,"column":18},"end":{"line":61,"column":1}},"14":{"start":{"line":34,"column":35},"end":{"line":34,"column":43}},"15":{"start":{"line":36,"column":4},"end":{"line":60,"column":5}},"16":{"start":{"line":38,"column":8},"end":{"line":40,"column":9}},"17":{"start":{"line":39,"column":12},"end":{"line":39,"column":80}},"18":{"start":{"line":43,"column":21},"end":{"line":43,"column":53}},"19":{"start":{"line":44,"column":8},"end":{"line":46,"column":9}},"20":{"start":{"line":45,"column":12},"end":{"line":45,"column":71}},"21":{"start":{"line":49,"column":32},"end":{"line":49,"column":68}},"22":{"start":{"line":50,"column":8},"end":{"line":52,"column":9}},"23":{"start":{"line":51,"column":12},"end":{"line":51,"column":76}},"24":{"start":{"line":54,"column":8},"end":{"line":57,"column":11}},"25":{"start":{"line":59,"column":8},"end":{"line":59,"column":84}},"26":{"start":{"line":63,"column":0},"end":{"line":63,"column":45}}},"fnMap":{"0":{"name":"(anonymous_0)","decl":{"start":{"line":4,"column":21},"end":{"line":4,"column":22}},"loc":{"start":{"line":4,"column":41},"end":{"line":30,"column":1}},"line":4},"1":{"name":"(anonymous_1)","decl":{"start":{"line":33,"column":18},"end":{"line":33,"column":19}},"loc":{"start":{"line":33,"column":38},"end":{"line":61,"column":1}},"line":33}},"branchMap":{"0":{"loc":{"start":{"line":9,"column":8},"end":{"line":11,"column":9}},"type":"if","locations":[{"start":{"line":9,"column":8},"end":{"line":11,"column":9}},{"start":{},"end":{}}],"line":9},"1":{"loc":{"start":{"line":9,"column":12},"end":{"line":9,"column":44}},"type":"binary-expr","locations":[{"start":{"line":9,"column":12},"end":{"line":9,"column":21}},{"start":{"line":9,"column":25},"end":{"line":9,"column":34}},{"start":{"line":9,"column":38},"end":{"line":9,"column":44}}],"line":9},"2":{"loc":{"start":{"line":18,"column":8},"end":{"line":20,"column":9}},"type":"if","locations":[{"start":{"line":18,"column":8},"end":{"line":20,"column":9}},{"start":{},"end":{}}],"line":18},"3":{"loc":{"start":{"line":38,"column":8},"end":{"line":40,"column":9}},"type":"if","locations":[{"start":{"line":38,"column":8},"end":{"line":40,"column":9}},{"start":{},"end":{}}],"line":38},"4":{"loc":{"start":{"line":38,"column":12},"end":{"line":38,"column":34}},"type":"binary-expr","locations":[{"start":{"line":38,"column":12},"end":{"line":38,"column":21}},{"start":{"line":38,"column":25},"end":{"line":38,"column":34}}],"line":38},"5":{"loc":{"start":{"line":44,"column":8},"end":{"line":46,"column":9}},"type":"if","locations":[{"start":{"line":44,"column":8},"end":{"line":46,"column":9}},{"start":{},"end":{}}],"line":44},"6":{"loc":{"start":{"line":50,"column":8},"end":{"line":52,"column":9}},"type":"if","locations":[{"start":{"line":50,"column":8},"end":{"line":52,"column":9}},{"start":{},"end":{}}],"line":50}},"s":{"0":1,"1":1,"2":0,"3":0,"4":0,"5":0,"6":0,"7":0,"8":0,"9":0,"10":0,"11":0,"12":0,"13":1,"14":0,"15":0,"16":0,"17":0,"18":0,"19":0,"20":0,"21":0,"22":0,"23":0,"24":0,"25":0,"26":1},"f":{"0":0,"1":0},"b":{"0":[0,0],"1":[0,0,0],"2":[0,0],"3":[0,0],"4":[0,0],"5":[0,0],"6":[0,0]},"_coverageSchema":"1a1c01bbd47fc00a2c39e90264f33305004495a9","hash":"9a1f8061a1566a635527a7ffe99f525b6774af0e"}
,"C:\\Users\\Lenovo L470\\Desktop\\ALU project\\Multilingual-File-Manager-Application-3\\src\\controllers\\fileController.js": {"path":"C:\\Users\\Lenovo L470\\Desktop\\ALU project\\Multilingual-File-Manager-Application-3\\src\\controllers\\fileController.js","statementMap":{"0":{"start":{"line":1,"column":13},"end":{"line":1,"column":38}},"1":{"start":{"line":2,"column":11},"end":{"line":2,"column":24}},"2":{"start":{"line":3,"column":20},"end":{"line":3,"column":52}},"3":{"start":{"line":6,"column":19},"end":{"line":50,"column":1}},"4":{"start":{"line":7,"column":4},"end":{"line":49,"column":5}},"5":{"start":{"line":8,"column":8},"end":{"line":11,"column":9}},"6":{"start":{"line":9,"column":12},"end":{"line":9,"column":70}},"7":{"start":{"line":10,"column":12},"end":{"line":10,"column":73}},"8":{"start":{"line":14,"column":24},"end":{"line":21,"column":10}},"9":{"start":{"line":24,"column":8},"end":{"line":24,"column":29}},"10":{"start":{"line":27,"column":8},"end":{"line":32,"column":11}},"11":{"start":{"line":34,"column":8},"end":{"line":34,"column":72}},"12":{"start":{"line":35,"column":8},"end":{"line":45,"column":11}},"13":{"start":{"line":47,"column":8},"end":{"line":47,"column":72}},"14":{"start":{"line":48,"column":8},"end":{"line":48,"column":95}},"15":{"start":{"line":53,"column":17},"end":{"line":62,"column":1}},"16":{"start":{"line":54,"column":4},"end":{"line":61,"column":5}},"17":{"start":{"line":55,"column":22},"end":{"line":55,"column":39}},"18":{"start":{"line":56,"column":8},"end":{"line":56,"column":64}},"19":{"start":{"line":57,"column":8},"end":{"line":57,"column":47}},"20":{"start":{"line":59,"column":8},"end":{"line":59,"column":66}},"21":{"start":{"line":60,"column":8},"end":{"line":60,"column":95}},"22":{"start":{"line":65,"column":19},"end":{"line":90,"column":1}},"23":{"start":{"line":66,"column":4},"end":{"line":89,"column":5}},"24":{"start":{"line":67,"column":23},"end":{"line":67,"column":33}},"25":{"start":{"line":68,"column":21},"end":{"line":68,"column":44}},"26":{"start":{"line":70,"column":8},"end":{"line":73,"column":9}},"27":{"start":{"line":71,"column":12},"end":{"line":71,"column":63}},"28":{"start":{"line":72,"column":12},"end":{"line":72,"column":71}},"29":{"start":{"line":76,"column":8},"end":{"line":79,"column":9}},"30":{"start":{"line":77,"column":12},"end":{"line":77,"column":37}},"31":{"start":{"line":78,"column":12},"end":{"line":78,"column":77}},"32":{"start":{"line":82,"column":8},"end":{"line":82,"column":41}},"33":{"start":{"line":83,"column":8},"end":{"line":83,"column":67}},"34":{"start":{"line":85,"column":8},"end":{"line":85,"column":92}},"35":{"start":{"line":87,"column":8},"end":{"line":87,"column":65}},"36":{"start":{"line":88,"column":8},"end":{"line":88,"column":94}},"37":{"start":{"line":93,"column":20},"end":{"line":105,"column":1}},"38":{"start":{"line":94,"column":4},"end":{"line":104,"column":5}},"39":{"start":{"line":95,"column":60},"end":{"line":95,"column":68}},"40":{"start":{"line":98,"column":8},"end":{"line":98,"column":75}},"41":{"start":{"line":99,"column":8},"end":{"line":99,"column":68}},"42":{"start":{"line":100,"column":8},"end":{"line":100,"column":89}},"43":{"start":{"line":102,"column":8},"end":{"line":102,"column":72}},"44":{"start":{"line":103,"column":8},"end":{"line":103,"column":105}},"45":{"start":{"line":108,"column":23},"end":{"line":137,"column":1}},"46":{"start":{"line":109,"column":4},"end":{"line":136,"column":5}},"47":{"start":{"line":110,"column":24},"end":{"line":110,"column":54}},"48":{"start":{"line":111,"column":23},"end":{"line":111,"column":52}},"49":{"start":{"line":112,"column":26},"end":{"line":112,"column":58}},"50":{"start":{"line":113,"column":23},"end":{"line":113,"column":52}},"51":{"start":{"line":115,"column":26},"end":{"line":122,"column":10}},"52":{"start":{"line":115,"column":36},"end":{"line":122,"column":9}},"53":{"start":{"line":124,"column":23},"end":{"line":129,"column":9}},"54":{"start":{"line":131,"column":8},"end":{"line":131,"column":66}},"55":{"start":{"line":132,"column":8},"end":{"line":132,"column":44}},"56":{"start":{"line":134,"column":8},"end":{"line":134,"column":73}},"57":{"start":{"line":135,"column":8},"end":{"line":135,"column":102}},"58":{"start":{"line":139,"column":0},"end":{"line":139,"column":83}}},"fnMap":{"0":{"name":"(anonymous_0)","decl":{"start":{"line":6,"column":19},"end":{"line":6,"column":20}},"loc":{"start":{"line":6,"column":39},"end":{"line":50,"column":1}},"line":6},"1":{"name":"(anonymous_1)","decl":{"start":{"line":53,"column":17},"end":{"line":53,"column":18}},"loc":{"start":{"line":53,"column":37},"end":{"line":62,"column":1}},"line":53},"2":{"name":"(anonymous_2)","decl":{"start":{"line":65,"column":19},"end":{"line":65,"column":20}},"loc":{"start":{"line":65,"column":39},"end":{"line":90,"column":1}},"line":65},"3":{"name":"(anonymous_3)","decl":{"start":{"line":93,"column":20},"end":{"line":93,"column":21}},"loc":{"start":{"line":93,"column":40},"end":{"line":105,"column":1}},"line":93},"4":{"name":"(anonymous_4)","decl":{"start":{"line":108,"column":23},"end":{"line":108,"column":24}},"loc":{"start":{"line":108,"column":43},"end":{"line":137,"column":1}},"line":108},"5":{"name":"(anonymous_5)","decl":{"start":{"line":115,"column":26},"end":{"line":115,"column":27}},"loc":{"start":{"line":115,"column":36},"end":{"line":122,"column":9}},"line":115}},"branchMap":{"0":{"loc":{"start":{"line":8,"column":8},"end":{"line":11,"column":9}},"type":"if","locations":[{"start":{"line":8,"column":8},"end":{"line":11,"column":9}},{"start":{},"end":{}}],"line":8},"1":{"loc":{"start":{"line":15,"column":18},"end":{"line":15,"column":48}},"type":"cond-expr","locations":[{"start":{"line":15,"column":29},"end":{"line":15,"column":41}},{"start":{"line":15,"column":44},"end":{"line":15,"column":48}}],"line":15},"2":{"loc":{"start":{"line":20,"column":25},"end":{"line":20,"column":51}},"type":"binary-expr","locations":[{"start":{"line":20,"column":25},"end":{"line":20,"column":45}},{"start":{"line":20,"column":49},"end":{"line":20,"column":51}}],"line":20},"3":{"loc":{"start":{"line":31,"column":25},"end":{"line":31,"column":51}},"type":"binary-expr","locations":[{"start":{"line":31,"column":25},"end":{"line":31,"column":45}},{"start":{"line":31,"column":49},"end":{"line":31,"column":51}}],"line":31},"4":{"loc":{"start":{"line":70,"column":8},"end":{"line":73,"column":9}},"type":"if","locations":[{"start":{"line":70,"column":8},"end":{"line":73,"column":9}},{"start":{},"end":{}}],"line":70},"5":{"loc":{"start":{"line":76,"column":8},"end":{"line":79,"column":9}},"type":"if","locations":[{"start":{"line":76,"column":8},"end":{"line":79,"column":9}},{"start":{},"end":{}}],"line":76},"6":{"loc":{"start":{"line":118,"column":22},"end":{"line":118,"column":39}},"type":"binary-expr","locations":[{"start":{"line":118,"column":22},"end":{"line":118,"column":34}},{"start":{"line":118,"column":38},"end":{"line":118,"column":39}}],"line":118},"7":{"loc":{"start":{"line":120,"column":24},"end":{"line":120,"column":46}},"type":"binary-expr","locations":[{"start":{"line":120,"column":24},"end":{"line":120,"column":38}},{"start":{"line":120,"column":42},"end":{"line":120,"column":46}}],"line":120},"8":{"loc":{"start":{"line":121,"column":26},"end":{"line":121,"column":50}},"type":"binary-expr","locations":[{"start":{"line":121,"column":26},"end":{"line":121,"column":42}},{"start":{"line":121,"column":46},"end":{"line":121,"column":50}}],"line":121}},"s":{"0":1,"1":1,"2":1,"3":1,"4":0,"5":0,"6":0,"7":0,"8":0,"9":0,"10":0,"11":0,"12":0,"13":0,"14":0,"15":1,"16":0,"17":0,"18":0,"19":0,"20":0,"21":0,"22":1,"23":0,"24":0,"25":0,"26":0,"27":0,"28":0,"29":0,"30":0,"31":0,"32":0,"33":0,"34":0,"35":0,"36":0,"37":1,"38":0,"39":0,"40":0,"41":0,"42":0,"43":0,"44":0,"45":1,"46":0,"47":0,"48":0,"49":0,"50":0,"51":0,"52":0,"53":0,"54":0,"55":0,"56":0,"57":0,"58":1},"f":{"0":0,"1":0,"2":0,"3":0,"4":0,"5":0},"b":{"0":[0,0],"1":[0,0],"2":[0,0],"3":[0,0],"4":[0,0],"5":[0,0],"6":[0,0],"7":[0,0],"8":[0,0]},"_coverageSchema":"1a1c01bbd47fc00a2c39e90264f33305004495a9","hash":"c8dcfb46ad47faeb2b5f689365894f51d3859041"}
,"C:\\Users\\Lenovo L470\\Desktop\\ALU project\\Multilingual-File-Manager-Application-3\\src\\middleware\\upload.js": {"path":"C:\\Users\\Lenovo L470\\Desktop\\ALU project\\Multilingual-File-Manager-Application-3\\src\\middleware\\upload.js","statementMap":{"0":{"start":{"line":1,"column":15},"end":{"line":1,"column":32}},"1":{"start":{"line":2,"column":13},"end":{"line":2,"column":28}},"2":{"start":{"line":3,"column":11},"end":{"line":3,"column":24}},"3":{"start":{"line":6,"column":19},"end":{"line":6,"column":53}},"4":{"start":{"line":7,"column":0},"end":{"line":10,"column":1}},"5":{"start":{"line":8,"column":4},"end":{"line":8,"column":50}},"6":{"start":{"line":9,"column":4},"end":{"line":9,"column":55}},"7":{"start":{"line":13,"column":16},"end":{"line":21,"column":2}},"8":{"start":{"line":15,"column":8},"end":{"line":15,"column":29}},"9":{"start":{"line":18,"column":29},"end":{"line":18,"column":96}},"10":{"start":{"line":19,"column":8},"end":{"line":19,"column":31}},"11":{"start":{"line":24,"column":15},"end":{"line":40,"column":2}},"12":{"start":{"line":28,"column":33},"end":{"line":28,"column":56}},"13":{"start":{"line":29,"column":24},"end":{"line":29,"column":92}},"14":{"start":{"line":30,"column":25},"end":{"line":30,"column":61}},"15":{"start":{"line":32,"column":8},"end":{"line":38,"column":9}},"16":{"start":{"line":33,"column":12},"end":{"line":33,"column":72}},"17":{"start":{"line":34,"column":12},"end":{"line":34,"column":27}},"18":{"start":{"line":36,"column":12},"end":{"line":36,"column":78}},"19":{"start":{"line":37,"column":12},"end":{"line":37,"column":91}},"20":{"start":{"line":43,"column":26},"end":{"line":54,"column":1}},"21":{"start":{"line":44,"column":4},"end":{"line":52,"column":5}},"22":{"start":{"line":46,"column":8},"end":{"line":46,"column":62}},"23":{"start":{"line":47,"column":8},"end":{"line":47,"column":94}},"24":{"start":{"line":48,"column":11},"end":{"line":52,"column":5}},"25":{"start":{"line":50,"column":8},"end":{"line":50,"column":62}},"26":{"start":{"line":51,"column":8},"end":{"line":51,"column":62}},"27":{"start":{"line":53,"column":4},"end":{"line":53,"column":11}},"28":{"start":{"line":57,"column":28},"end":{"line":66,"column":1}},"29":{"start":{"line":58,"column":4},"end":{"line":65,"column":7}},"30":{"start":{"line":59,"column":8},"end":{"line":62,"column":9}},"31":{"start":{"line":60,"column":12},"end":{"line":60,"column":86}},"32":{"start":{"line":61,"column":12},"end":{"line":61,"column":19}},"33":{"start":{"line":63,"column":8},"end":{"line":63,"column":82}},"34":{"start":{"line":64,"column":8},"end":{"line":64,"column":73}},"35":{"start":{"line":64,"column":30},"end":{"line":64,"column":71}},"36":{"start":{"line":69,"column":0},"end":{"line":69,"column":22}},"37":{"start":{"line":71,"column":0},"end":{"line":71,"column":47}}},"fnMap":{"0":{"name":"(anonymous_0)","decl":{"start":{"line":14,"column":17},"end":{"line":14,"column":18}},"loc":{"start":{"line":14,"column":36},"end":{"line":16,"column":5}},"line":14},"1":{"name":"(anonymous_1)","decl":{"start":{"line":17,"column":14},"end":{"line":17,"column":15}},"loc":{"start":{"line":17,"column":33},"end":{"line":20,"column":5}},"line":17},"2":{"name":"(anonymous_2)","decl":{"start":{"line":27,"column":16},"end":{"line":27,"column":17}},"loc":{"start":{"line":27,"column":35},"end":{"line":39,"column":5}},"line":27},"3":{"name":"(anonymous_3)","decl":{"start":{"line":43,"column":26},"end":{"line":43,"column":27}},"loc":{"start":{"line":43,"column":51},"end":{"line":54,"column":1}},"line":43},"4":{"name":"(anonymous_4)","decl":{"start":{"line":57,"column":28},"end":{"line":57,"column":29}},"loc":{"start":{"line":57,"column":34},"end":{"line":66,"column":1}},"line":57},"5":{"name":"(anonymous_5)","decl":{"start":{"line":58,"column":27},"end":{"line":58,"column":28}},"loc":{"start":{"line":58,"column":43},"end":{"line":65,"column":5}},"line":58},"6":{"name":"(anonymous_6)","decl":{"start":{"line":64,"column":22},"end":{"line":64,"column":23}},"loc":{"start":{"line":64,"column":30},"end":{"line":64,"column":71}},"line":64}},"branchMap":{"0":{"loc":{"start":{"line":7,"column":0},"end":{"line":10,"column":1}},"type":"if","locations":[{"start":{"line":7,"column":0},"end":{"line":10,"column":1}},{"start":{},"end":{}}],"line":7},"1":{"loc":{"start":{"line":32,"column":8},"end":{"line":38,"column":9}},"type":"if","locations":[{"start":{"line":32,"column":8},"end":{"line":38,"column":9}},{"start":{"line":35,"column":15},"end":{"line":38,"column":9}}],"line":32},"2":{"loc":{"start":{"line":32,"column":12},"end":{"line":32,"column":31}},"type":"binary-expr","locations":[{"start":{"line":32,"column":12},"end":{"line":32,"column":19}},{"start":{"line":32,"column":23},"end":{"line":32,"column":31}}],"line":32},"3":{"loc":{"start":{"line":44,"column":4},"end":{"line":52,"column":5}},"type":"if","locations":[{"start":{"line":44,"column":4},"end":{"line":52,"column":5}},{"start":{"line":48,"column":11},"end":{"line":52,"column":5}}],"line":44},"4":{"loc":{"start":{"line":48,"column":11},"end":{"line":52,"column":5}},"type":"if","locations":[{"start":{"line":48,"column":11},"end":{"line":52,"column":5}},{"start":{},"end":{}}],"line":48},"5":{"loc":{"start":{"line":59,"column":8},"end":{"line":62,"column":9}},"type":"if","locations":[{"start":{"line":59,"column":8},"end":{"line":62,"column":9}},{"start":{},"end":{}}],"line":59}},"s":{"0":1,"1":1,"2":1,"3":1,"4":1,"5":0,"6":0,"7":1,"8":0,"9":0,"10":0,"11":1,"12":0,"13":0,"14":0,"15":0,"16":0,"17":0,"18":0,"19":0,"20":1,"21":0,"22":0,"23":0,"24":0,"25":0,"26":0,"27":0,"28":1,"29":1,"30":0,"31":0,"32":0,"33":0,"34":0,"35":0,"36":1,"37":1},"f":{"0":0,"1":0,"2":0,"3":0,"4":1,"5":0,"6":0},"b":{"0":[0,1],"1":[0,0],"2":[0,0],"3":[0,0],"4":[0,0],"5":[0,0]},"_coverageSchema":"1a1c01bbd47fc00a2c39e90264f33305004495a9","hash":"dc1f046db93519d9dab26cc75ef3747cd4892a4b"}
,"C:\\Users\\Lenovo L470\\Desktop\\ALU project\\Multilingual-File-Manager-Application-3\\src\\models\\File.js": {"path":"C:\\Users\\Lenovo L470\\Desktop\\ALU project\\Multilingual-File-Manager-Application-3\\src\\models\\File.js","statementMap":{"0":{"start":{"line":1,"column":17},"end":{"line":1,"column":36}},"1":{"start":{"line":3,"column":19},"end":{"line":40,"column":2}},"2":{"start":{"line":26,"column":34},"end":{"line":26,"column":43}},"3":{"start":{"line":43,"column":0},"end":{"line":45,"column":2}},"4":{"start":{"line":44,"column":4},"end":{"line":44,"column":46}},"5":{"start":{"line":48,"column":11},"end":{"line":48,"column":24}},"6":{"start":{"line":49,"column":13},"end":{"line":49,"column":28}},"7":{"start":{"line":51,"column":0},"end":{"line":61,"column":3}},"8":{"start":{"line":52,"column":21},"end":{"line":52,"column":44}},"9":{"start":{"line":53,"column":4},"end":{"line":60,"column":7}},"10":{"start":{"line":54,"column":8},"end":{"line":58,"column":9}},"11":{"start":{"line":55,"column":12},"end":{"line":55,"column":75}},"12":{"start":{"line":57,"column":12},"end":{"line":57,"column":66}},"13":{"start":{"line":59,"column":8},"end":{"line":59,"column":15}},"14":{"start":{"line":63,"column":0},"end":{"line":63,"column":52}}},"fnMap":{"0":{"name":"(anonymous_0)","decl":{"start":{"line":26,"column":23},"end":{"line":26,"column":24}},"loc":{"start":{"line":26,"column":34},"end":{"line":26,"column":43}},"line":26},"1":{"name":"(anonymous_1)","decl":{"start":{"line":43,"column":32},"end":{"line":43,"column":33}},"loc":{"start":{"line":43,"column":56},"end":{"line":45,"column":1}},"line":43},"2":{"name":"(anonymous_2)","decl":{"start":{"line":51,"column":25},"end":{"line":51,"column":26}},"loc":{"start":{"line":51,"column":41},"end":{"line":61,"column":1}},"line":51},"3":{"name":"(anonymous_3)","decl":{"start":{"line":53,"column":24},"end":{"line":53,"column":25}},"loc":{"start":{"line":53,"column":33},"end":{"line":60,"column":5}},"line":53}},"branchMap":{"0":{"loc":{"start":{"line":54,"column":8},"end":{"line":58,"column":9}},"type":"if","locations":[{"start":{"line":54,"column":8},"end":{"line":58,"column":9}},{"start":{"line":56,"column":15},"end":{"line":58,"column":9}}],"line":54}},"s":{"0":1,"1":1,"2":0,"3":1,"4":0,"5":1,"6":1,"7":1,"8":0,"9":0,"10":0,"11":0,"12":0,"13":0,"14":1},"f":{"0":0,"1":0,"2":0,"3":0},"b":{"0":[0,0]},"_coverageSchema":"1a1c01bbd47fc00a2c39e90264f33305004495a9","hash":"5f258921e692c4d6f85e17a0a5a120e11a8d410d"}
,"C:\\Users\\Lenovo L470\\Desktop\\ALU project\\Multilingual-File-Manager-Application-3\\src\\models\\User.js": {"path":"C:\\Users\\Lenovo L470\\Desktop\\ALU project\\Multilingual-File-Manager-Application-3\\src\\models\\User.js","statementMap":{"0":{"start":{"line":1,"column":17},"end":{"line":1,"column":36}},"1":{"start":{"line":2,"column":15},"end":{"line":2,"column":32}},"2":{"start":{"line":5,"column":19},"end":{"line":30,"column":2}},"3":{"start":{"line":33,"column":0},"end":{"line":45,"column":3}},"4":{"start":{"line":34,"column":4},"end":{"line":44,"column":5}},"5":{"start":{"line":36,"column":8},"end":{"line":36,"column":56}},"6":{"start":{"line":36,"column":42},"end":{"line":36,"column":56}},"7":{"start":{"line":39,"column":21},"end":{"line":39,"column":45}},"8":{"start":{"line":40,"column":8},"end":{"line":40,"column":63}},"9":{"start":{"line":41,"column":8},"end":{"line":41,"column":15}},"10":{"start":{"line":43,"column":8},"end":{"line":43,"column":20}},"11":{"start":{"line":48,"column":0},"end":{"line":54,"column":2}},"12":{"start":{"line":49,"column":4},"end":{"line":53,"column":5}},"13":{"start":{"line":50,"column":8},"end":{"line":50,"column":61}},"14":{"start":{"line":52,"column":8},"end":{"line":52,"column":54}},"15":{"start":{"line":57,"column":0},"end":{"line":61,"column":2}},"16":{"start":{"line":58,"column":17},"end":{"line":58,"column":32}},"17":{"start":{"line":59,"column":4},"end":{"line":59,"column":25}},"18":{"start":{"line":60,"column":4},"end":{"line":60,"column":16}},"19":{"start":{"line":64,"column":0},"end":{"line":69,"column":3}},"20":{"start":{"line":66,"column":8},"end":{"line":66,"column":28}},"21":{"start":{"line":67,"column":8},"end":{"line":67,"column":19}},"22":{"start":{"line":72,"column":0},"end":{"line":90,"column":2}},"23":{"start":{"line":73,"column":4},"end":{"line":89,"column":5}},"24":{"start":{"line":74,"column":21},"end":{"line":76,"column":10}},"25":{"start":{"line":77,"column":8},"end":{"line":79,"column":9}},"26":{"start":{"line":78,"column":12},"end":{"line":78,"column":46}},"27":{"start":{"line":81,"column":24},"end":{"line":81,"column":69}},"28":{"start":{"line":82,"column":8},"end":{"line":84,"column":9}},"29":{"start":{"line":83,"column":12},"end":{"line":83,"column":51}},"30":{"start":{"line":86,"column":8},"end":{"line":86,"column":20}},"31":{"start":{"line":88,"column":8},"end":{"line":88,"column":20}},"32":{"start":{"line":92,"column":0},"end":{"line":92,"column":52}}},"fnMap":{"0":{"name":"(anonymous_0)","decl":{"start":{"line":33,"column":23},"end":{"line":33,"column":24}},"loc":{"start":{"line":33,"column":45},"end":{"line":45,"column":1}},"line":33},"1":{"name":"(anonymous_1)","decl":{"start":{"line":48,"column":37},"end":{"line":48,"column":38}},"loc":{"start":{"line":48,"column":63},"end":{"line":54,"column":1}},"line":48},"2":{"name":"(anonymous_2)","decl":{"start":{"line":57,"column":28},"end":{"line":57,"column":29}},"loc":{"start":{"line":57,"column":40},"end":{"line":61,"column":1}},"line":57},"3":{"name":"(anonymous_3)","decl":{"start":{"line":65,"column":15},"end":{"line":65,"column":16}},"loc":{"start":{"line":65,"column":29},"end":{"line":68,"column":5}},"line":65},"4":{"name":"(anonymous_4)","decl":{"start":{"line":72,"column":39},"end":{"line":72,"column":40}},"loc":{"start":{"line":72,"column":77},"end":{"line":90,"column":1}},"line":72}},"branchMap":{"0":{"loc":{"start":{"line":36,"column":8},"end":{"line":36,"column":56}},"type":"if","locations":[{"start":{"line":36,"column":8},"end":{"line":36,"column":56}},{"start":{},"end":{}}],"line":36},"1":{"loc":{"start":{"line":77,"column":8},"end":{"line":79,"column":9}},"type":"if","locations":[{"start":{"line":77,"column":8},"end":{"line":79,"column":9}},{"start":{},"end":{}}],"line":77},"2":{"loc":{"start":{"line":82,"column":8},"end":{"line":84,"column":9}},"type":"if","locations":[{"start":{"line":82,"column":8},"end":{"line":84,"column":9}},{"start":{},"end":{}}],"line":82}},"s":{"0":1,"1":1,"2":1,"3":1,"4":0,"5":0,"6":0,"7":0,"8":0,"9":0,"10":0,"11":1,"12":0,"13":0,"14":0,"15":1,"16":0,"17":0,"18":0,"19":1,"20":0,"21":0,"22":1,"23":0,"24":0,"25":0,"26":0,"27":0,"28":0,"29":0,"30":0,"31":0,"32":1},"f":{"0":0,"1":0,"2":0,"3":0,"4":0},"b":{"0":[0,0],"1":[0,0],"2":[0,0]},"_coverageSchema":"1a1c01bbd47fc00a2c39e90264f33305004495a9","hash":"4d35b41297788f92acca422ac0dd0532b0c07337"}
,"C:\\Users\\Lenovo L470\\Desktop\\ALU project\\Multilingual-File-Manager-Application-3\\src\\queues\\uploadQueue.js": {"path":"C:\\Users\\Lenovo L470\\Desktop\\ALU project\\Multilingual-File-Manager-Application-3\\src\\queues\\uploadQueue.js","statementMap":{"0":{"start":{"line":1,"column":14},"end":{"line":1,"column":29}},"1":{"start":{"line":2,"column":11},"end":{"line":2,"column":24}},"2":{"start":{"line":5,"column":20},"end":{"line":10,"column":2}},"3":{"start":{"line":13,"column":0},"end":{"line":40,"column":3}},"4":{"start":{"line":14,"column":46},"end":{"line":14,"column":54}},"5":{"start":{"line":16,"column":4},"end":{"line":16,"column":112}},"6":{"start":{"line":18,"column":4},"end":{"line":39,"column":5}},"7":{"start":{"line":20,"column":8},"end":{"line":22,"column":9}},"8":{"start":{"line":21,"column":12},"end":{"line":21,"column":79}},"9":{"start":{"line":25,"column":8},"end":{"line":25,"column":72}},"10":{"start":{"line":26,"column":8},"end":{"line":26,"column":58}},"11":{"start":{"line":29,"column":8},"end":{"line":33,"column":9}},"12":{"start":{"line":29,"column":21},"end":{"line":29,"column":22}},"13":{"start":{"line":30,"column":12},"end":{"line":30,"column":69}},"14":{"start":{"line":30,"column":43},"end":{"line":30,"column":67}},"15":{"start":{"line":31,"column":12},"end":{"line":31,"column":28}},"16":{"start":{"line":32,"column":12},"end":{"line":32,"column":71}},"17":{"start":{"line":35,"column":8},"end":{"line":35,"column":69}},"18":{"start":{"line":37,"column":8},"end":{"line":37,"column":106}},"19":{"start":{"line":38,"column":8},"end":{"line":38,"column":20}},"20":{"start":{"line":43,"column":0},"end":{"line":46,"column":3}},"21":{"start":{"line":44,"column":4},"end":{"line":44,"column":71}},"22":{"start":{"line":45,"column":4},"end":{"line":45,"column":64}},"23":{"start":{"line":48,"column":0},"end":{"line":51,"column":3}},"24":{"start":{"line":49,"column":4},"end":{"line":49,"column":78}},"25":{"start":{"line":50,"column":4},"end":{"line":50,"column":66}},"26":{"start":{"line":54,"column":0},"end":{"line":56,"column":3}},"27":{"start":{"line":55,"column":4},"end":{"line":55,"column":59}},"28":{"start":{"line":58,"column":0},"end":{"line":60,"column":3}},"29":{"start":{"line":59,"column":4},"end":{"line":59,"column":55}},"30":{"start":{"line":62,"column":0},"end":{"line":64,"column":3}},"31":{"start":{"line":63,"column":4},"end":{"line":63,"column":61}},"32":{"start":{"line":66,"column":0},"end":{"line":68,"column":3}},"33":{"start":{"line":67,"column":4},"end":{"line":67,"column":70}},"34":{"start":{"line":71,"column":0},"end":{"line":73,"column":3}},"35":{"start":{"line":72,"column":4},"end":{"line":72,"column":80}},"36":{"start":{"line":75,"column":0},"end":{"line":75,"column":29}}},"fnMap":{"0":{"name":"(anonymous_0)","decl":{"start":{"line":13,"column":20},"end":{"line":13,"column":21}},"loc":{"start":{"line":13,"column":35},"end":{"line":40,"column":1}},"line":13},"1":{"name":"(anonymous_1)","decl":{"start":{"line":30,"column":30},"end":{"line":30,"column":31}},"loc":{"start":{"line":30,"column":43},"end":{"line":30,"column":67}},"line":30},"2":{"name":"(anonymous_2)","decl":{"start":{"line":43,"column":28},"end":{"line":43,"column":29}},"loc":{"start":{"line":43,"column":37},"end":{"line":46,"column":1}},"line":43},"3":{"name":"(anonymous_3)","decl":{"start":{"line":48,"column":25},"end":{"line":48,"column":26}},"loc":{"start":{"line":48,"column":39},"end":{"line":51,"column":1}},"line":48},"4":{"name":"(anonymous_4)","decl":{"start":{"line":54,"column":25},"end":{"line":54,"column":26}},"loc":{"start":{"line":54,"column":34},"end":{"line":56,"column":1}},"line":54},"5":{"name":"(anonymous_5)","decl":{"start":{"line":58,"column":26},"end":{"line":58,"column":27}},"loc":{"start":{"line":58,"column":37},"end":{"line":60,"column":1}},"line":58},"6":{"name":"(anonymous_6)","decl":{"start":{"line":62,"column":26},"end":{"line":62,"column":27}},"loc":{"start":{"line":62,"column":35},"end":{"line":64,"column":1}},"line":62},"7":{"name":"(anonymous_7)","decl":{"start":{"line":66,"column":27},"end":{"line":66,"column":28}},"loc":{"start":{"line":66,"column":46},"end":{"line":68,"column":1}},"line":66},"8":{"name":"(anonymous_8)","decl":{"start":{"line":71,"column":24},"end":{"line":71,"column":25}},"loc":{"start":{"line":71,"column":35},"end":{"line":73,"column":1}},"line":71}},"branchMap":{"0":{"loc":{"start":{"line":7,"column":14},"end":{"line":7,"column":51}},"type":"binary-expr","locations":[{"start":{"line":7,"column":14},"end":{"line":7,"column":36}},{"start":{"line":7,"column":40},"end":{"line":7,"column":51}}],"line":7},"1":{"loc":{"start":{"line":8,"column":14},"end":{"line":8,"column":44}},"type":"binary-expr","locations":[{"start":{"line":8,"column":14},"end":{"line":8,"column":36}},{"start":{"line":8,"column":40},"end":{"line":8,"column":44}}],"line":8},"2":{"loc":{"start":{"line":16,"column":51},"end":{"line":16,"column":74}},"type":"binary-expr","locations":[{"start":{"line":16,"column":51},"end":{"line":16,"column":59}},{"start":{"line":16,"column":63},"end":{"line":16,"column":74}}],"line":16},"3":{"loc":{"start":{"line":16,"column":87},"end":{"line":16,"column":108}},"type":"binary-expr","locations":[{"start":{"line":16,"column":87},"end":{"line":16,"column":93}},{"start":{"line":16,"column":97},"end":{"line":16,"column":108}}],"line":16},"4":{"loc":{"start":{"line":20,"column":8},"end":{"line":22,"column":9}},"type":"if","locations":[{"start":{"line":20,"column":8},"end":{"line":22,"column":9}},{"start":{},"end":{}}],"line":20},"5":{"loc":{"start":{"line":20,"column":12},"end":{"line":20,"column":49}},"type":"binary-expr","locations":[{"start":{"line":20,"column":12},"end":{"line":20,"column":21}},{"start":{"line":20,"column":25},"end":{"line":20,"column":49}}],"line":20},"6":{"loc":{"start":{"line":37,"column":54},"end":{"line":37,"column":77}},"type":"binary-expr","locations":[{"start":{"line":37,"column":54},"end":{"line":37,"column":62}},{"start":{"line":37,"column":66},"end":{"line":37,"column":77}}],"line":37}},"s":{"0":2,"1":2,"2":2,"3":2,"4":2,"5":2,"6":2,"7":2,"8":2,"9":0,"10":0,"11":0,"12":0,"13":0,"14":0,"15":0,"16":0,"17":0,"18":2,"19":2,"20":2,"21":0,"22":0,"23":2,"24":2,"25":2,"26":2,"27":2,"28":2,"29":1,"30":2,"31":0,"32":2,"33":0,"34":2,"35":0,"36":2},"f":{"0":2,"1":0,"2":0,"3":2,"4":2,"5":1,"6":0,"7":0,"8":0},"b":{"0":[2,2],"1":[2,2],"2":[2,0],"3":[2,0],"4":[2,0],"5":[2,2],"6":[2,0]},"_coverageSchema":"1a1c01bbd47fc00a2c39e90264f33305004495a9","hash":"4282379f670ac993ab21db01f7d25e9c5928acfb"}
,"C:\\Users\\Lenovo L470\\Desktop\\ALU project\\Multilingual-File-Manager-Application-3\\src\\routes\\authRoutes.js": {"path":"C:\\Users\\Lenovo L470\\Desktop\\ALU project\\Multilingual-File-Manager-Application-3\\src\\routes\\authRoutes.js","statementMap":{"0":{"start":{"line":1,"column":16},"end":{"line":1,"column":34}},"1":{"start":{"line":2,"column":15},"end":{"line":2,"column":31}},"2":{"start":{"line":3,"column":36},"end":{"line":3,"column":76}},"3":{"start":{"line":6,"column":0},"end":{"line":6,"column":39}},"4":{"start":{"line":9,"column":0},"end":{"line":9,"column":33}},"5":{"start":{"line":11,"column":0},"end":{"line":11,"column":24}}},"fnMap":{},"branchMap":{},"s":{"0":1,"1":1,"2":1,"3":1,"4":1,"5":1},"f":{},"b":{},"_coverageSchema":"1a1c01bbd47fc00a2c39e90264f33305004495a9","hash":"4569a76b2908cd8737fbeba7f9553176bcf798fa"}
,"C:\\Users\\Lenovo L470\\Desktop\\ALU project\\Multilingual-File-Manager-Application-3\\src\\routes\\fileRoutes.js": {"path":"C:\\Users\\Lenovo L470\\Desktop\\ALU project\\Multilingual-File-Manager-Application-3\\src\\routes\\fileRoutes.js","statementMap":{"0":{"start":{"line":1,"column":16},"end":{"line":1,"column":34}},"1":{"start":{"line":2,"column":15},"end":{"line":2,"column":31}},"2":{"start":{"line":11,"column":4},"end":{"line":11,"column":44}},"3":{"start":{"line":12,"column":38},"end":{"line":12,"column":69}},"4":{"start":{"line":15,"column":0},"end":{"line":20,"column":2}},"5":{"start":{"line":23,"column":0},"end":{"line":26,"column":2}},"6":{"start":{"line":29,"column":0},"end":{"line":32,"column":2}},"7":{"start":{"line":35,"column":0},"end":{"line":41,"column":2}},"8":{"start":{"line":38,"column":8},"end":{"line":38,"column":59}},"9":{"start":{"line":39,"column":8},"end":{"line":39,"column":30}},"10":{"start":{"line":44,"column":0},"end":{"line":47,"column":2}},"11":{"start":{"line":49,"column":0},"end":{"line":49,"column":24}}},"fnMap":{"0":{"name":"(anonymous_0)","decl":{"start":{"line":37,"column":4},"end":{"line":37,"column":5}},"loc":{"start":{"line":37,"column":18},"end":{"line":40,"column":5}},"line":37}},"branchMap":{},"s":{"0":1,"1":1,"2":1,"3":1,"4":1,"5":1,"6":1,"7":1,"8":0,"9":0,"10":1,"11":1},"f":{"0":0},"b":{},"_coverageSchema":"1a1c01bbd47fc00a2c39e90264f33305004495a9","hash":"119731081147ab239d850986eade91d39e5b1bfa"}
}
