TN:
SF:config\db.js
FN:3,(anonymous_0)
FNF:1
FNH:1
FNDA:1,(anonymous_0)
DA:1,1
DA:3,1
DA:4,1
DA:5,1
DA:9,0
DA:11,0
DA:12,0
DA:16,1
LF:8
LH:5
BRF:0
BRH:0
end_of_record
TN:
SF:src\app.js
FN:37,(anonymous_0)
FN:86,(anonymous_1)
FN:92,(anonymous_2)
FN:103,(anonymous_3)
FN:109,(anonymous_4)
FN:116,(anonymous_5)
FNF:6
FNH:0
FNDA:0,(anonymous_0)
FNDA:0,(anonymous_1)
FNDA:0,(anonymous_2)
FNDA:0,(anonymous_3)
FNDA:0,(anonymous_4)
FNDA:0,(anonymous_5)
DA:1,1
DA:2,1
DA:3,1
DA:4,1
DA:5,1
DA:6,1
DA:7,1
DA:8,1
DA:9,1
DA:10,1
DA:11,1
DA:12,1
DA:13,1
DA:14,1
DA:17,1
DA:20,1
DA:23,1
DA:26,1
DA:29,1
DA:34,1
DA:37,1
DA:38,0
DA:39,0
DA:43,1
DA:44,1
DA:47,1
DA:60,1
DA:63,1
DA:66,1
DA:67,1
DA:68,0
DA:69,0
DA:71,1
DA:73,1
DA:76,1
DA:79,1
DA:80,1
DA:83,1
DA:86,1
DA:87,0
DA:88,0
DA:92,1
DA:93,0
DA:94,0
DA:95,0
DA:96,0
DA:98,0
DA:99,0
DA:103,1
DA:104,0
DA:105,0
DA:109,1
DA:110,0
DA:111,0
DA:115,1
DA:116,1
DA:117,0
DA:118,0
DA:119,0
LF:59
LH:40
BRDA:51,0,0,1
BRDA:51,0,1,0
BRDA:52,1,0,1
BRDA:52,1,1,0
BRDA:53,2,0,1
BRDA:53,2,1,0
BRDA:67,3,0,0
BRDA:67,3,1,1
BRDA:87,4,0,0
BRDA:87,4,1,0
BRDA:87,4,2,0
BRDA:94,5,0,0
BRDA:94,5,1,0
BRDA:95,6,0,0
BRDA:95,6,1,0
BRDA:115,7,0,1
BRDA:115,7,1,0
BRF:17
BRH:5
end_of_record
TN:
SF:src\controllers\authController.js
FN:4,(anonymous_0)
FN:33,(anonymous_1)
FNF:2
FNH:0
FNDA:0,(anonymous_0)
FNDA:0,(anonymous_1)
DA:1,1
DA:4,1
DA:5,0
DA:7,0
DA:9,0
DA:10,0
DA:14,0
DA:18,0
DA:19,0
DA:23,0
DA:24,0
DA:26,0
DA:28,0
DA:33,1
DA:34,0
DA:36,0
DA:38,0
DA:39,0
DA:43,0
DA:44,0
DA:45,0
DA:49,0
DA:50,0
DA:51,0
DA:54,0
DA:59,0
DA:63,1
LF:27
LH:4
BRDA:9,0,0,0
BRDA:9,0,1,0
BRDA:9,1,0,0
BRDA:9,1,1,0
BRDA:9,1,2,0
BRDA:18,2,0,0
BRDA:18,2,1,0
BRDA:38,3,0,0
BRDA:38,3,1,0
BRDA:38,4,0,0
BRDA:38,4,1,0
BRDA:44,5,0,0
BRDA:44,5,1,0
BRDA:50,6,0,0
BRDA:50,6,1,0
BRF:15
BRH:0
end_of_record
TN:
SF:src\controllers\fileController.js
FN:6,(anonymous_0)
FN:53,(anonymous_1)
FN:65,(anonymous_2)
FN:93,(anonymous_3)
FN:108,(anonymous_4)
FN:115,(anonymous_5)
FNF:6
FNH:0
FNDA:0,(anonymous_0)
FNDA:0,(anonymous_1)
FNDA:0,(anonymous_2)
FNDA:0,(anonymous_3)
FNDA:0,(anonymous_4)
FNDA:0,(anonymous_5)
DA:1,1
DA:2,1
DA:3,1
DA:6,1
DA:7,0
DA:8,0
DA:9,0
DA:10,0
DA:14,0
DA:24,0
DA:27,0
DA:34,0
DA:35,0
DA:47,0
DA:48,0
DA:53,1
DA:54,0
DA:55,0
DA:56,0
DA:57,0
DA:59,0
DA:60,0
DA:65,1
DA:66,0
DA:67,0
DA:68,0
DA:70,0
DA:71,0
DA:72,0
DA:76,0
DA:77,0
DA:78,0
DA:82,0
DA:83,0
DA:85,0
DA:87,0
DA:88,0
DA:93,1
DA:94,0
DA:95,0
DA:98,0
DA:99,0
DA:100,0
DA:102,0
DA:103,0
DA:108,1
DA:109,0
DA:110,0
DA:111,0
DA:112,0
DA:113,0
DA:115,0
DA:124,0
DA:131,0
DA:132,0
DA:134,0
DA:135,0
DA:139,1
LF:58
LH:9
BRDA:8,0,0,0
BRDA:8,0,1,0
BRDA:15,1,0,0
BRDA:15,1,1,0
BRDA:20,2,0,0
BRDA:20,2,1,0
BRDA:31,3,0,0
BRDA:31,3,1,0
BRDA:70,4,0,0
BRDA:70,4,1,0
BRDA:76,5,0,0
BRDA:76,5,1,0
BRDA:118,6,0,0
BRDA:118,6,1,0
BRDA:120,7,0,0
BRDA:120,7,1,0
BRDA:121,8,0,0
BRDA:121,8,1,0
BRF:18
BRH:0
end_of_record
TN:
SF:src\middleware\upload.js
FN:14,(anonymous_0)
FN:17,(anonymous_1)
FN:27,(anonymous_2)
FN:43,(anonymous_3)
FN:57,(anonymous_4)
FN:58,(anonymous_5)
FN:64,(anonymous_6)
FNF:7
FNH:1
FNDA:0,(anonymous_0)
FNDA:0,(anonymous_1)
FNDA:0,(anonymous_2)
FNDA:0,(anonymous_3)
FNDA:1,(anonymous_4)
FNDA:0,(anonymous_5)
FNDA:0,(anonymous_6)
DA:1,1
DA:2,1
DA:3,1
DA:6,1
DA:7,1
DA:8,0
DA:9,0
DA:13,1
DA:15,0
DA:18,0
DA:19,0
DA:24,1
DA:28,0
DA:29,0
DA:30,0
DA:32,0
DA:33,0
DA:34,0
DA:36,0
DA:37,0
DA:43,1
DA:44,0
DA:46,0
DA:47,0
DA:48,0
DA:50,0
DA:51,0
DA:53,0
DA:57,1
DA:58,1
DA:59,0
DA:60,0
DA:61,0
DA:63,0
DA:64,0
DA:69,1
DA:71,1
LF:37
LH:12
BRDA:7,0,0,0
BRDA:7,0,1,1
BRDA:32,1,0,0
BRDA:32,1,1,0
BRDA:32,2,0,0
BRDA:32,2,1,0
BRDA:44,3,0,0
BRDA:44,3,1,0
BRDA:48,4,0,0
BRDA:48,4,1,0
BRDA:59,5,0,0
BRDA:59,5,1,0
BRF:12
BRH:1
end_of_record
TN:
SF:src\models\File.js
FN:26,(anonymous_0)
FN:43,(anonymous_1)
FN:51,(anonymous_2)
FN:53,(anonymous_3)
FNF:4
FNH:0
FNDA:0,(anonymous_0)
FNDA:0,(anonymous_1)
FNDA:0,(anonymous_2)
FNDA:0,(anonymous_3)
DA:1,1
DA:3,1
DA:26,0
DA:43,1
DA:44,0
DA:48,1
DA:49,1
DA:51,1
DA:52,0
DA:53,0
DA:54,0
DA:55,0
DA:57,0
DA:59,0
DA:63,1
LF:15
LH:7
BRDA:54,0,0,0
BRDA:54,0,1,0
BRF:2
BRH:0
end_of_record
TN:
SF:src\models\User.js
FN:33,(anonymous_0)
FN:48,(anonymous_1)
FN:57,(anonymous_2)
FN:65,(anonymous_3)
FN:72,(anonymous_4)
FNF:5
FNH:0
FNDA:0,(anonymous_0)
FNDA:0,(anonymous_1)
FNDA:0,(anonymous_2)
FNDA:0,(anonymous_3)
FNDA:0,(anonymous_4)
DA:1,1
DA:2,1
DA:5,1
DA:33,1
DA:34,0
DA:36,0
DA:39,0
DA:40,0
DA:41,0
DA:43,0
DA:48,1
DA:49,0
DA:50,0
DA:52,0
DA:57,1
DA:58,0
DA:59,0
DA:60,0
DA:64,1
DA:66,0
DA:67,0
DA:72,1
DA:73,0
DA:74,0
DA:77,0
DA:78,0
DA:81,0
DA:82,0
DA:83,0
DA:86,0
DA:88,0
DA:92,1
LF:32
LH:9
BRDA:36,0,0,0
BRDA:36,0,1,0
BRDA:77,1,0,0
BRDA:77,1,1,0
BRDA:82,2,0,0
BRDA:82,2,1,0
BRF:6
BRH:0
end_of_record
TN:
SF:src\queues\uploadQueue.js
FN:13,(anonymous_0)
FN:30,(anonymous_1)
FN:43,(anonymous_2)
FN:48,(anonymous_3)
FN:54,(anonymous_4)
FN:58,(anonymous_5)
FN:62,(anonymous_6)
FN:66,(anonymous_7)
FN:71,(anonymous_8)
FNF:9
FNH:4
FNDA:2,(anonymous_0)
FNDA:0,(anonymous_1)
FNDA:0,(anonymous_2)
FNDA:2,(anonymous_3)
FNDA:2,(anonymous_4)
FNDA:1,(anonymous_5)
FNDA:0,(anonymous_6)
FNDA:0,(anonymous_7)
FNDA:0,(anonymous_8)
DA:1,2
DA:2,2
DA:5,2
DA:13,2
DA:14,2
DA:16,2
DA:18,2
DA:20,2
DA:21,2
DA:25,0
DA:26,0
DA:29,0
DA:30,0
DA:31,0
DA:32,0
DA:35,0
DA:37,2
DA:38,2
DA:43,2
DA:44,0
DA:45,0
DA:48,2
DA:49,2
DA:50,2
DA:54,2
DA:55,2
DA:58,2
DA:59,1
DA:62,2
DA:63,0
DA:66,2
DA:67,0
DA:71,2
DA:72,0
DA:75,2
LF:35
LH:23
BRDA:7,0,0,2
BRDA:7,0,1,2
BRDA:8,1,0,2
BRDA:8,1,1,2
BRDA:16,2,0,2
BRDA:16,2,1,0
BRDA:16,3,0,2
BRDA:16,3,1,0
BRDA:20,4,0,2
BRDA:20,4,1,0
BRDA:20,5,0,2
BRDA:20,5,1,2
BRDA:37,6,0,2
BRDA:37,6,1,0
BRF:14
BRH:10
end_of_record
TN:
SF:src\routes\authRoutes.js
FNF:0
FNH:0
DA:1,1
DA:2,1
DA:3,1
DA:6,1
DA:9,1
DA:11,1
LF:6
LH:6
BRF:0
BRH:0
end_of_record
TN:
SF:src\routes\fileRoutes.js
FN:37,(anonymous_0)
FNF:1
FNH:0
FNDA:0,(anonymous_0)
DA:1,1
DA:2,1
DA:11,1
DA:12,1
DA:15,1
DA:23,1
DA:29,1
DA:35,1
DA:38,0
DA:39,0
DA:44,1
DA:49,1
LF:12
LH:10
BRF:0
BRH:0
end_of_record
